SF:lib\global\global.dart
DA:4,1
LF:1
LH:1
end_of_record
SF:lib\models\CulturaModel.dart
DA:5,1
LF:1
LH:1
end_of_record
SF:lib\models\PlantioModel.dart
DA:8,0
DA:11,1
DA:13,0
DA:14,0
DA:15,0
DA:16,0
DA:17,0
DA:18,0
DA:19,0
LF:9
LH:1
end_of_record
SF:lib\models\ProdutorModel.dart
DA:8,1
LF:1
LH:1
end_of_record
SF:lib\models\PropriedadeModel.dart
DA:21,1
DA:36,1
DA:39,1
DA:40,1
DA:43,2
DA:45,2
DA:46,2
DA:48,1
DA:50,1
DA:58,0
DA:60,0
DA:64,1
LF:12
LH:10
end_of_record
SF:lib\models\TalhaoModel.dart
DA:10,1
DA:12,1
DA:13,2
DA:14,3
DA:15,3
DA:19,0
DA:20,0
DA:21,0
DA:32,1
DA:35,1
LF:10
LH:7
end_of_record
SF:lib\models\TecnicoModel.dart
DA:9,1
DA:18,0
DA:19,0
DA:20,0
DA:21,0
DA:22,0
DA:23,0
DA:24,0
LF:8
LH:1
end_of_record
SF:lib\models\UserModel.dart
DA:11,1
DA:20,0
DA:21,0
DA:22,0
DA:23,0
DA:24,0
DA:25,0
DA:26,0
DA:27,0
DA:31,0
DA:32,0
DA:33,0
DA:34,0
DA:35,0
DA:36,0
DA:37,0
DA:38,0
DA:42,0
DA:44,0
DA:45,0
LF:20
LH:1
end_of_record
SF:lib\pages\estate\estate_page.dart
DA:11,1
DA:15,1
DA:17,1
DA:18,1
DA:22,1
DA:24,2
DA:26,2
DA:27,3
DA:29,1
DA:30,1
DA:31,1
DA:33,3
DA:35,4
DA:36,1
DA:37,1
DA:38,1
DA:39,1
DA:40,1
DA:41,1
DA:44,1
DA:45,1
DA:49,1
DA:51,1
DA:53,1
DA:54,1
DA:55,1
DA:61,0
DA:62,0
LF:28
LH:26
end_of_record
SF:lib\components\basic_components.dart
DA:17,0
DA:29,0
DA:31,0
DA:32,0
DA:39,0
DA:41,0
DA:42,0
DA:45,0
DA:47,0
DA:48,0
DA:49,0
DA:50,0
DA:51,0
DA:52,0
DA:53,0
DA:54,0
DA:55,0
DA:56,0
DA:57,0
DA:58,0
DA:59,0
DA:60,0
DA:64,0
DA:68,0
DA:69,0
DA:71,0
DA:72,0
DA:75,0
DA:76,0
DA:77,0
DA:80,0
DA:81,0
DA:82,0
DA:85,0
DA:93,0
DA:94,0
DA:95,0
DA:107,0
DA:114,0
DA:116,0
DA:117,0
DA:123,0
DA:125,0
DA:126,0
DA:129,0
DA:131,0
DA:132,0
DA:133,0
DA:134,0
DA:137,0
DA:138,0
DA:139,0
DA:140,0
DA:141,0
DA:146,0
DA:149,0
DA:152,0
DA:153,0
DA:154,0
DA:155,0
DA:156,0
DA:160,0
DA:163,0
DA:164,0
DA:179,0
DA:187,0
DA:189,0
DA:190,0
DA:196,0
DA:198,0
DA:199,0
DA:200,0
DA:201,0
DA:202,0
DA:203,0
DA:204,0
DA:206,0
DA:208,0
DA:210,0
DA:211,0
DA:212,0
DA:217,0
DA:218,0
DA:219,0
DA:221,0
DA:222,0
DA:223,0
DA:226,0
DA:227,0
DA:228,0
LF:90
LH:0
end_of_record
SF:lib\components\display_image_change.dart
DA:12,0
DA:19,0
DA:21,0
DA:23,0
DA:24,0
DA:25,0
DA:26,0
DA:28,0
DA:29,0
DA:30,0
DA:31,0
DA:32,0
DA:33,0
DA:34,0
DA:36,0
DA:37,0
DA:41,0
DA:42,0
DA:43,0
DA:44,0
DA:45,0
DA:46,0
DA:47,0
DA:49,0
DA:56,0
DA:58,0
DA:59,0
DA:61,0
DA:62,0
DA:63,0
DA:64,0
DA:67,0
DA:70,0
DA:71,0
DA:72,0
DA:73,0
DA:74,0
DA:83,0
DA:84,0
DA:86,0
DA:88,0
DA:89,0
DA:90,0
DA:91,0
DA:92,0
DA:94,0
DA:95,0
DA:98,0
DA:99,0
LF:49
LH:0
end_of_record
SF:lib\components\icon_text_button.dart
DA:16,0
DA:28,0
DA:30,0
DA:32,0
DA:33,0
DA:34,0
DA:36,0
DA:37,0
DA:38,0
DA:40,0
DA:41,0
DA:42,0
DA:43,0
DA:44,0
DA:45,0
DA:46,0
DA:48,0
DA:51,0
DA:52,0
DA:53,0
DA:54,0
DA:56,0
DA:57,0
DA:59,0
DA:61,0
DA:62,0
DA:63,0
DA:65,0
DA:66,0
DA:67,0
DA:68,0
DA:69,0
DA:70,0
DA:71,0
LF:34
LH:0
end_of_record
SF:lib\components\info_field.dart
DA:6,0
DA:7,0
DA:9,0
DA:11,0
DA:12,0
DA:13,0
DA:16,0
DA:17,0
DA:18,0
DA:23,0
DA:24,0
DA:27,0
DA:28,0
DA:30,0
DA:31,0
DA:32,0
DA:33,0
DA:34,0
DA:37,0
LF:19
LH:0
end_of_record
SF:lib\components\loading.dart
DA:5,0
DA:7,0
DA:9,0
DA:11,0
DA:12,0
DA:13,0
DA:14,0
DA:15,0
DA:16,0
DA:20,0
DA:21,0
DA:24,0
DA:25,0
LF:13
LH:0
end_of_record
SF:lib\global\colors.dart
DA:8,0
LF:1
LH:0
end_of_record
SF:lib\components\page_base.dart
DA:10,0
DA:15,0
DA:17,0
DA:19,0
DA:21,0
DA:22,0
DA:23,0
DA:24,0
DA:27,0
DA:28,0
DA:29,0
DA:30,0
DA:32,0
DA:33,0
DA:37,0
LF:15
LH:0
end_of_record
SF:lib\components\topbar_arrow_back.dart
DA:11,1
DA:18,1
DA:20,1
DA:21,1
DA:23,1
DA:25,2
DA:27,1
DA:29,2
DA:31,2
DA:32,1
DA:33,1
DA:34,0
DA:35,0
DA:37,1
DA:41,1
DA:44,1
DA:45,1
DA:48,1
DA:52,1
DA:53,1
DA:57,1
DA:58,1
DA:63,1
DA:64,1
DA:65,1
DA:66,1
DA:67,1
DA:69,1
DA:78,1
DA:79,1
DA:80,1
DA:81,1
DA:84,3
DA:85,1
DA:86,1
DA:88,1
DA:89,1
DA:90,1
DA:91,2
DA:92,2
DA:93,1
DA:94,1
DA:95,0
DA:96,0
DA:97,0
DA:101,1
DA:108,1
DA:110,1
DA:111,2
DA:112,2
DA:113,1
DA:114,1
DA:115,0
DA:116,0
DA:117,0
DA:121,1
DA:123,1
DA:132,0
DA:133,0
DA:134,0
DA:136,0
DA:137,0
DA:138,0
DA:139,0
DA:140,0
DA:141,0
DA:142,0
DA:143,0
DA:147,0
DA:149,0
DA:155,0
LF:71
LH:49
end_of_record
SF:lib\components\plantation_card.dart
DA:11,1
DA:15,1
DA:17,1
DA:18,1
DA:22,1
DA:24,2
DA:25,1
DA:27,1
DA:28,5
DA:29,1
DA:30,1
DA:31,1
DA:33,1
DA:34,1
DA:35,3
DA:36,1
DA:37,4
DA:38,0
DA:40,1
DA:49,0
DA:52,0
DA:53,0
DA:54,0
DA:55,0
DA:56,0
DA:67,0
DA:68,0
DA:74,1
DA:75,1
DA:76,2
DA:77,3
DA:78,1
DA:81,1
DA:82,1
DA:83,4
DA:85,2
DA:87,1
DA:88,4
DA:90,2
DA:92,1
DA:93,3
DA:95,2
DA:99,0
DA:101,0
DA:104,0
DA:108,1
DA:110,1
DA:111,2
DA:112,2
DA:113,1
DA:115,1
DA:116,3
DA:117,1
DA:118,1
DA:119,6
DA:120,1
DA:121,1
DA:122,0
DA:123,0
DA:125,2
DA:127,1
DA:128,1
DA:129,1
DA:130,2
DA:131,1
DA:133,1
DA:134,1
DA:135,4
DA:137,1
DA:138,1
DA:152,1
DA:153,1
DA:154,1
DA:156,1
DA:157,2
DA:181,0
DA:182,0
DA:183,0
DA:184,0
DA:185,0
DA:186,0
DA:187,0
DA:188,0
DA:189,0
DA:193,0
DA:194,0
DA:195,0
DA:196,0
LF:88
LH:61
end_of_record
SF:lib\pages\apply_pesticide\apply_pesticide.dart
DA:25,0
DA:30,0
DA:32,0
DA:33,0
DA:53,0
DA:55,0
DA:57,0
DA:59,0
DA:60,0
DA:61,0
DA:62,0
DA:64,0
DA:65,0
DA:67,0
DA:71,0
DA:76,0
DA:77,0
DA:79,0
DA:81,0
DA:83,0
DA:85,0
DA:86,0
DA:88,0
DA:92,0
DA:97,0
DA:98,0
DA:99,0
DA:102,0
DA:103,0
DA:105,0
DA:109,0
DA:110,0
DA:111,0
DA:114,0
DA:116,0
DA:120,0
DA:124,0
DA:128,0
DA:135,0
DA:137,0
DA:141,0
DA:142,0
DA:144,0
DA:148,0
DA:150,0
DA:151,0
DA:152,0
DA:154,0
DA:155,0
DA:156,0
DA:157,0
DA:161,0
DA:162,0
DA:163,0
DA:165,0
DA:166,0
DA:168,0
DA:169,0
DA:170,0
DA:171,0
DA:175,0
DA:178,0
DA:179,0
DA:180,0
DA:181,0
DA:182,0
DA:185,0
DA:188,0
DA:189,0
DA:191,0
DA:193,0
DA:197,0
DA:198,0
DA:199,0
DA:200,0
DA:201,0
DA:204,0
DA:205,0
DA:206,0
DA:210,0
DA:212,0
DA:216,0
DA:219,0
DA:220,0
DA:224,0
DA:226,0
DA:232,0
DA:233,0
DA:234,0
DA:235,0
DA:236,0
DA:237,0
DA:238,0
DA:240,0
DA:241,0
DA:242,0
DA:245,0
DA:247,0
DA:248,0
DA:249,0
DA:251,0
DA:255,0
DA:256,0
DA:257,0
DA:258,0
DA:260,0
DA:261,0
DA:263,0
DA:267,0
DA:268,0
DA:269,0
DA:271,0
DA:272,0
DA:275,0
DA:277,0
DA:278,0
DA:280,0
DA:283,0
DA:284,0
DA:285,0
DA:287,0
DA:288,0
DA:291,0
DA:292,0
DA:293,0
DA:302,0
DA:305,0
DA:306,0
DA:307,0
DA:308,0
DA:319,0
DA:321,0
DA:324,0
DA:325,0
DA:326,0
DA:327,0
DA:331,0
DA:332,0
DA:334,0
DA:335,0
DA:336,0
DA:338,0
DA:339,0
DA:341,0
DA:342,0
DA:343,0
DA:350,0
DA:351,0
DA:354,0
DA:355,0
DA:356,0
DA:360,0
DA:361,0
DA:367,0
DA:368,0
DA:370,0
DA:371,0
DA:372,0
DA:374,0
DA:375,0
DA:377,0
DA:378,0
DA:379,0
DA:386,0
DA:387,0
DA:389,0
DA:390,0
DA:391,0
DA:393,0
DA:394,0
DA:396,0
DA:399,0
DA:400,0
DA:402,0
DA:403,0
DA:404,0
DA:406,0
DA:407,0
DA:409,0
DA:412,0
DA:413,0
DA:415,0
DA:419,0
DA:420,0
DA:427,0
DA:428,0
DA:429,0
DA:432,0
DA:433,0
DA:434,0
DA:435,0
DA:436,0
DA:437,0
DA:440,0
DA:441,0
DA:445,0
DA:447,0
DA:449,0
DA:450,0
DA:451,0
DA:454,0
DA:455,0
DA:457,0
DA:458,0
DA:461,0
DA:464,0
DA:465,0
DA:468,0
DA:471,0
DA:472,0
DA:474,0
DA:478,0
DA:479,0
DA:480,0
DA:486,0
DA:487,0
DA:490,0
DA:492,0
DA:493,0
DA:494,0
DA:495,0
DA:501,0
DA:502,0
DA:503,0
DA:504,0
DA:505,0
DA:510,0
DA:511,0
DA:514,0
LF:229
LH:0
end_of_record
SF:lib\utils\utils.dart
DA:7,0
DA:39,0
DA:40,0
DA:45,0
DA:46,0
DA:48,0
DA:51,1
DA:52,1
DA:54,3
DA:57,1
LF:10
LH:4
end_of_record
SF:lib\components\text_blue_button.dart
DA:11,0
DA:18,0
DA:20,0
DA:22,0
DA:23,0
DA:24,0
DA:25,0
DA:26,0
DA:27,0
DA:28,0
DA:29,0
DA:30,0
DA:31,0
DA:32,0
DA:34,0
DA:37,0
DA:38,0
DA:39,0
DA:43,0
DA:44,0
DA:46,0
DA:47,0
DA:48,0
LF:23
LH:0
end_of_record
SF:lib\controllers\pesticide\pesticide_controller.dart
DA:8,0
DA:11,0
DA:13,0
DA:14,0
DA:25,0
DA:28,0
DA:30,0
DA:31,0
DA:42,0
DA:45,0
DA:47,0
DA:48,0
DA:59,0
DA:63,0
DA:66,0
DA:68,0
DA:69,0
LF:17
LH:0
end_of_record
SF:lib\services\pesticide\pesticide_service.dart
DA:6,0
DA:9,0
DA:13,0
DA:14,0
DA:16,0
DA:19,0
DA:22,0
DA:25,0
DA:29,0
DA:30,0
DA:32,0
DA:35,0
DA:38,0
DA:41,0
DA:42,0
DA:48,0
DA:51,0
DA:52,0
DA:53,0
DA:59,0
DA:63,0
DA:64,0
DA:65,0
DA:66,0
DA:67,0
DA:73,0
DA:77,0
DA:78,0
DA:79,0
DA:80,0
DA:81,0
LF:31
LH:0
end_of_record
SF:lib\models\PesticideModel.dart
DA:5,0
DA:7,0
DA:8,0
DA:9,0
DA:12,0
DA:14,0
DA:23,0
DA:25,0
DA:26,0
DA:27,0
DA:28,0
DA:29,0
DA:30,0
DA:31,0
DA:36,0
DA:38,0
LF:16
LH:0
end_of_record
SF:lib\components\alert_messenger.dart
DA:4,0
DA:5,0
DA:6,0
DA:8,0
DA:18,0
DA:19,0
DA:21,0
DA:23,0
LF:8
LH:0
end_of_record
SF:lib\pages\estate\components\plots_list.dart
DA:10,1
DA:11,1
DA:13,1
DA:15,2
DA:17,2
DA:18,2
DA:24,0
DA:27,1
DA:29,2
DA:31,1
DA:32,1
DA:33,1
DA:34,1
DA:36,1
DA:37,1
DA:38,1
DA:39,1
DA:44,2
DA:45,1
DA:46,5
DA:47,1
DA:48,1
DA:50,2
DA:51,1
DA:52,1
DA:54,1
DA:55,1
DA:56,1
DA:58,1
DA:59,5
DA:60,1
DA:61,1
DA:66,1
DA:67,2
DA:68,1
DA:70,1
DA:71,0
DA:72,0
DA:74,1
DA:76,1
DA:77,1
DA:83,1
DA:84,4
DA:85,3
DA:87,1
DA:89,2
DA:90,1
DA:91,1
DA:99,1
DA:100,2
DA:101,1
DA:103,1
LF:52
LH:49
end_of_record
SF:lib\services\dio.dart
DA:6,0
DA:15,0
DA:16,0
DA:17,0
DA:20,0
DA:23,0
DA:25,0
DA:26,0
DA:32,0
DA:33,0
DA:39,0
DA:40,0
DA:43,0
DA:45,0
DA:47,0
DA:48,0
DA:56,0
DA:58,0
DA:59,0
DA:65,0
DA:66,0
DA:68,0
DA:72,0
DA:74,0
DA:76,0
DA:77,0
DA:83,0
DA:84,0
DA:90,0
LF:29
LH:0
end_of_record
