SF:lib\components\alert_messenger.dart
DA:4,3
DA:6,1
DA:8,1
DA:9,3
DA:10,1
DA:12,1
DA:22,1
DA:23,3
DA:25,1
DA:27,1
LF:10
LH:10
end_of_record
SF:lib\pages\login\login_page.dart
DA:16,2
DA:18,1
DA:19,1
DA:30,1
DA:32,2
DA:34,1
DA:36,2
DA:37,1
DA:38,1
DA:39,1
DA:40,1
DA:41,1
DA:42,1
DA:44,3
DA:46,3
DA:47,1
DA:49,1
DA:53,1
DA:54,1
DA:55,1
DA:57,3
DA:59,1
DA:61,1
DA:65,1
DA:66,1
DA:67,0
DA:69,0
DA:70,0
DA:75,0
DA:76,0
DA:77,0
DA:78,0
DA:79,0
DA:84,1
DA:85,1
DA:86,1
DA:88,3
DA:89,1
DA:91,1
DA:94,0
DA:95,0
DA:104,0
DA:105,0
DA:106,0
DA:107,0
DA:108,0
DA:112,0
DA:113,0
DA:114,0
DA:118,1
DA:119,3
DA:121,3
DA:122,0
DA:123,0
DA:125,0
DA:127,0
DA:128,0
DA:130,2
DA:131,1
LF:59
LH:36
end_of_record
SF:lib\pages\register\producer_register\producer_register_page.dart
DA:13,2
DA:14,1
DA:15,1
DA:30,1
DA:32,1
DA:34,1
DA:35,1
DA:36,1
DA:37,1
DA:39,1
DA:40,1
DA:44,0
DA:46,0
DA:50,1
DA:51,1
DA:54,2
DA:55,0
DA:57,0
DA:61,1
DA:62,1
DA:65,3
DA:66,0
DA:68,0
DA:72,0
DA:77,0
DA:79,0
DA:83,1
DA:84,1
DA:89,3
DA:90,0
DA:92,0
DA:96,1
DA:97,1
DA:102,0
DA:104,0
DA:107,0
DA:108,0
DA:116,0
DA:118,0
DA:122,1
DA:123,1
DA:128,0
DA:130,0
DA:134,1
DA:135,1
DA:138,0
DA:140,0
DA:144,0
DA:150,1
DA:151,1
DA:152,1
DA:153,1
DA:154,1
DA:156,1
DA:157,1
DA:159,1
DA:160,1
DA:162,0
DA:163,0
DA:164,0
DA:165,0
DA:180,0
DA:181,0
DA:183,0
DA:187,0
DA:188,0
DA:193,0
DA:194,0
DA:195,0
DA:196,0
DA:197,0
DA:198,0
DA:199,0
DA:202,0
DA:203,0
DA:207,0
DA:208,0
DA:209,0
DA:210,0
DA:211,0
DA:215,0
DA:216,0
LF:82
LH:35
end_of_record
SF:lib\pages\register\technician_register\technician_register_page.dart
DA:13,2
DA:15,1
DA:16,1
DA:33,1
DA:35,1
DA:37,1
DA:38,1
DA:39,1
DA:40,1
DA:41,1
DA:42,1
DA:46,0
DA:48,0
DA:52,1
DA:53,1
DA:56,2
DA:57,0
DA:59,0
DA:63,1
DA:64,1
DA:67,3
DA:68,0
DA:70,0
DA:74,0
DA:79,0
DA:81,0
DA:85,1
DA:86,1
DA:91,3
DA:92,0
DA:94,0
DA:98,1
DA:99,1
DA:104,3
DA:105,0
DA:107,0
DA:111,1
DA:112,1
DA:115,0
DA:117,0
DA:121,1
DA:122,1
DA:126,0
DA:128,0
DA:132,1
DA:133,1
DA:138,0
DA:140,0
DA:144,1
DA:145,1
DA:148,0
DA:150,0
DA:154,0
DA:160,1
DA:162,1
DA:163,1
DA:165,1
DA:166,1
DA:168,0
DA:169,0
DA:170,0
DA:171,0
DA:183,0
DA:184,0
DA:186,0
DA:190,0
DA:191,0
DA:196,0
DA:197,0
DA:198,0
DA:199,0
DA:200,0
DA:201,0
DA:202,0
DA:203,0
DA:204,0
DA:207,0
DA:208,0
DA:212,0
DA:213,0
DA:215,0
DA:216,0
LF:82
LH:36
end_of_record
SF:lib\components\base_authentication.dart
DA:11,1
DA:16,1
DA:18,1
DA:20,2
DA:22,1
DA:23,1
DA:24,1
DA:25,1
DA:26,1
DA:27,2
DA:28,1
DA:29,1
DA:30,1
DA:31,1
DA:32,1
DA:33,1
DA:35,1
DA:37,1
DA:38,0
DA:39,1
DA:40,1
DA:41,1
DA:42,1
DA:43,1
DA:44,1
DA:46,2
DA:54,1
DA:55,1
DA:56,1
DA:58,1
DA:59,0
DA:60,0
DA:61,0
DA:63,1
DA:64,1
DA:68,1
DA:70,1
DA:71,1
DA:73,1
LF:39
LH:35
end_of_record
SF:lib\components\loading.dart
DA:5,0
DA:7,0
DA:9,0
DA:11,0
DA:12,0
DA:13,0
DA:14,0
DA:15,0
DA:16,0
DA:20,0
DA:21,0
DA:24,0
DA:25,0
LF:13
LH:0
end_of_record
SF:lib\global\colors.dart
DA:8,1
LF:1
LH:1
end_of_record
SF:lib\components\basic_components.dart
DA:17,1
DA:29,1
DA:31,1
DA:32,1
DA:39,1
DA:41,2
DA:42,1
DA:45,1
DA:47,1
DA:48,2
DA:49,2
DA:50,3
DA:51,2
DA:52,1
DA:53,1
DA:54,2
DA:55,2
DA:56,1
DA:57,1
DA:58,0
DA:59,0
DA:60,0
DA:64,1
DA:68,2
DA:69,0
DA:71,0
DA:72,0
DA:75,0
DA:76,0
DA:77,0
DA:80,0
DA:81,0
DA:82,0
DA:85,0
DA:93,3
DA:94,1
DA:95,2
DA:107,1
DA:114,1
DA:116,1
DA:117,1
DA:123,1
DA:125,2
DA:126,1
DA:129,1
DA:131,1
DA:132,1
DA:133,1
DA:134,2
DA:137,1
DA:138,2
DA:139,0
DA:140,0
DA:141,0
DA:146,0
DA:149,0
DA:152,0
DA:153,0
DA:154,0
DA:155,0
DA:156,0
DA:160,0
DA:163,0
DA:164,0
DA:179,0
DA:187,0
DA:189,0
DA:190,0
DA:196,0
DA:198,0
DA:199,0
DA:200,0
DA:201,0
DA:202,0
DA:203,0
DA:204,0
DA:206,0
DA:208,0
DA:210,0
DA:211,0
DA:212,0
DA:217,0
DA:218,0
DA:219,0
DA:221,0
DA:222,0
DA:223,0
DA:226,0
DA:227,0
DA:228,0
LF:90
LH:38
end_of_record
SF:lib\components\estate_card.dart
DA:9,1
DA:14,0
DA:16,0
DA:18,0
DA:19,0
DA:21,0
DA:22,0
DA:23,0
DA:24,0
DA:28,0
DA:30,0
DA:31,0
DA:33,0
DA:34,0
DA:35,0
DA:36,0
DA:37,0
DA:39,0
DA:40,0
DA:43,0
DA:44,0
DA:49,0
DA:52,0
DA:53,0
DA:54,0
DA:55,0
DA:57,0
DA:58,0
DA:59,0
DA:61,0
DA:62,0
DA:63,0
LF:32
LH:1
end_of_record
SF:lib\utils\utils.dart
DA:5,0
DA:37,0
DA:38,0
DA:43,0
DA:44,0
DA:46,0
DA:49,1
LF:7
LH:1
end_of_record
SF:lib\components\icon_text_button.dart
DA:16,0
DA:28,0
DA:30,0
DA:32,0
DA:33,0
DA:34,0
DA:36,0
DA:37,0
DA:38,0
DA:40,0
DA:41,0
DA:42,0
DA:43,0
DA:44,0
DA:45,0
DA:46,0
DA:48,0
DA:51,0
DA:52,0
DA:53,0
DA:54,0
DA:56,0
DA:57,0
DA:59,0
DA:61,0
DA:62,0
DA:63,0
DA:65,0
DA:66,0
DA:67,0
DA:68,0
DA:69,0
DA:70,0
DA:71,0
LF:34
LH:0
end_of_record
SF:lib\components\rounded_image_button.dart
DA:9,0
DA:15,0
DA:17,0
DA:19,0
DA:20,0
DA:22,0
DA:23,0
DA:24,0
DA:25,0
DA:29,0
DA:31,0
DA:32,0
DA:33,0
DA:34,0
DA:35,0
DA:37,0
DA:39,0
DA:40,0
DA:41,0
DA:42,0
DA:43,0
DA:44,0
DA:46,0
DA:47,0
DA:52,0
LF:25
LH:0
end_of_record
SF:lib\components\text_blue_button.dart
DA:11,1
DA:18,1
DA:20,1
DA:22,1
DA:23,1
DA:24,1
DA:25,1
DA:26,1
DA:27,1
DA:28,1
DA:29,1
DA:30,1
DA:31,0
DA:33,3
DA:36,1
DA:37,1
DA:38,1
DA:42,1
DA:43,1
DA:44,1
DA:45,1
LF:21
LH:20
end_of_record
SF:lib\components\topbar.dart
DA:8,0
DA:10,0
DA:11,0
DA:13,0
DA:15,0
DA:16,0
DA:17,0
DA:18,0
DA:20,0
DA:22,0
DA:23,0
DA:25,0
DA:26,0
DA:27,0
DA:28,0
DA:34,0
DA:35,0
DA:36,0
DA:44,0
DA:45,0
DA:46,0
DA:47,0
DA:51,0
DA:53,0
DA:54,0
DA:55,0
DA:60,0
DA:61,0
DA:62,0
LF:29
LH:0
end_of_record
SF:lib\pages\profile\profile_page.dart
DA:11,0
DA:13,0
DA:15,0
DA:16,0
DA:17,0
DA:19,0
DA:21,0
DA:22,0
DA:23,0
DA:24,0
DA:25,0
DA:26,0
DA:35,0
DA:36,0
DA:37,0
DA:38,0
DA:39,0
DA:41,0
DA:42,0
DA:44,0
DA:45,0
DA:46,0
DA:47,0
DA:48,0
DA:49,0
DA:50,0
DA:53,0
DA:55,0
DA:56,0
DA:59,0
DA:60,0
DA:61,0
DA:64,0
DA:67,0
DA:69,0
DA:70,0
DA:73,0
DA:74,0
DA:76,0
DA:77,0
LF:40
LH:0
end_of_record
SF:lib\global\global.dart
DA:4,0
LF:1
LH:0
end_of_record
SF:lib\components\topbar_arrow_back.dart
DA:10,0
DA:17,0
DA:19,0
DA:20,0
DA:22,0
DA:24,0
DA:26,0
DA:28,0
DA:30,0
DA:31,0
DA:32,0
DA:33,0
DA:34,0
DA:36,0
DA:40,0
DA:43,0
DA:44,0
DA:47,0
DA:51,0
DA:52,0
DA:56,0
DA:57,0
DA:62,0
DA:63,0
DA:64,0
DA:65,0
DA:66,0
DA:68,0
DA:77,0
DA:78,0
DA:79,0
DA:80,0
DA:83,0
DA:84,0
DA:85,0
DA:87,0
DA:88,0
DA:89,0
DA:90,0
DA:91,0
DA:92,0
DA:93,0
DA:94,0
DA:95,0
DA:96,0
DA:100,0
DA:107,0
DA:109,0
DA:110,0
DA:111,0
DA:112,0
DA:113,0
DA:114,0
DA:115,0
DA:116,0
DA:120,0
DA:122,0
DA:131,0
LF:58
LH:0
end_of_record
SF:lib\components\underline_button.dart
DA:8,1
DA:9,1
DA:11,1
DA:13,1
DA:14,1
DA:15,1
DA:16,1
DA:17,1
DA:21,2
LF:9
LH:9
end_of_record
SF:lib\controllers\add_property\add_property_controller.dart
DA:39,0
DA:41,0
DA:43,0
DA:45,0
DA:55,0
DA:56,0
DA:57,0
DA:59,0
DA:61,0
LF:9
LH:0
end_of_record
SF:lib\services\add_property\add_property_service.dart
DA:5,0
DA:8,0
DA:9,0
DA:10,0
DA:11,0
DA:12,0
DA:13,0
DA:14,0
DA:15,0
DA:16,0
DA:17,0
LF:11
LH:0
end_of_record
SF:lib\controllers\login\login_controller.dart
DA:13,0
DA:14,0
DA:15,0
DA:16,0
DA:19,0
DA:22,0
DA:23,0
DA:25,0
DA:27,0
DA:30,0
DA:33,0
DA:35,0
DA:36,0
DA:37,0
DA:39,0
DA:40,0
DA:41,0
DA:45,1
DA:46,1
DA:48,2
DA:53,1
DA:54,1
LF:22
LH:5
end_of_record
SF:lib\models\UserModel.dart
DA:11,0
DA:20,0
DA:21,0
DA:22,0
DA:23,0
DA:24,0
DA:25,0
DA:26,0
DA:27,0
DA:31,0
DA:32,0
DA:33,0
DA:34,0
DA:35,0
DA:36,0
DA:37,0
DA:38,0
DA:42,0
DA:44,0
DA:45,0
LF:20
LH:0
end_of_record
SF:lib\services\login\login_service.dart
DA:5,0
DA:6,0
DA:10,0
DA:14,0
DA:15,0
LF:5
LH:0
end_of_record
SF:lib\controllers\pesticide_analysis\pesticide_analysis_controller.dart
DA:6,0
DA:11,0
DA:12,0
LF:3
LH:0
end_of_record
SF:lib\controllers\profile\profile_controller.dart
DA:27,0
DA:28,0
DA:37,0
DA:39,0
DA:40,0
LF:5
LH:0
end_of_record
SF:lib\controllers\register\register_controller.dart
DA:7,0
DA:8,0
DA:11,0
DA:13,0
DA:21,0
DA:24,0
DA:26,0
DA:35,0
LF:8
LH:0
end_of_record
SF:lib\services\register\register_service.dart
DA:5,0
DA:8,0
DA:9,0
DA:10,0
DA:11,0
DA:12,0
DA:13,0
DA:14,0
DA:16,0
DA:17,0
DA:18,0
DA:24,0
DA:27,0
DA:28,0
DA:29,0
DA:30,0
DA:31,0
DA:32,0
DA:33,0
DA:35,0
LF:20
LH:0
end_of_record
SF:lib\models\PesticideAplicationModel.dart
DA:13,0
DA:23,0
DA:24,0
DA:25,0
DA:26,0
DA:27,0
DA:28,0
DA:29,0
DA:30,0
DA:31,0
DA:35,0
DA:36,0
DA:37,0
DA:38,0
DA:39,0
DA:40,0
DA:41,0
DA:42,0
DA:43,0
DA:47,0
DA:49,0
DA:50,0
LF:22
LH:0
end_of_record
SF:lib\pages\add_property\add_property.dart
DA:11,0
DA:13,0
DA:14,0
DA:32,0
DA:33,0
DA:35,0
DA:39,0
DA:40,0
DA:43,0
DA:44,0
DA:45,0
DA:46,0
DA:47,0
DA:48,0
DA:49,0
DA:50,0
DA:51,0
DA:54,0
DA:55,0
DA:59,0
DA:60,0
DA:61,0
DA:63,0
DA:64,0
DA:68,0
DA:70,0
DA:72,0
DA:73,0
DA:74,0
DA:78,0
DA:79,0
DA:80,0
DA:81,0
DA:82,0
DA:83,0
DA:84,0
DA:87,0
DA:88,0
DA:89,0
DA:94,0
DA:95,0
DA:97,0
DA:101,0
DA:102,0
DA:103,0
DA:104,0
DA:106,0
DA:110,0
DA:112,0
DA:117,0
DA:119,0
DA:120,0
DA:121,0
DA:122,0
DA:123,0
DA:124,0
DA:125,0
DA:129,0
DA:130,0
DA:131,0
DA:132,0
DA:140,0
DA:141,0
DA:142,0
DA:143,0
DA:145,0
DA:149,0
DA:151,0
DA:156,0
DA:158,0
DA:159,0
DA:160,0
DA:165,0
DA:167,0
DA:175,0
DA:176,0
DA:180,0
DA:182,0
DA:186,0
DA:187,0
DA:193,0
DA:194,0
DA:195,0
DA:197,0
DA:201,0
DA:202,0
DA:206,0
DA:208,0
DA:212,0
DA:213,0
DA:214,0
DA:216,0
LF:92
LH:0
end_of_record
SF:lib\pages\home_produtor\home_produtor.dart
DA:10,0
DA:12,0
DA:14,0
DA:16,0
DA:17,0
DA:18,0
DA:19,0
DA:20,0
DA:21,0
DA:22,0
DA:23,0
DA:24,0
DA:25,0
DA:27,0
DA:33,0
DA:34,0
DA:35,0
DA:36,0
DA:40,0
DA:42,0
DA:47,0
DA:52,0
DA:57,0
LF:23
LH:0
end_of_record
SF:lib\pages\home_tecnico\components\pendency_card.dart
DA:5,1
DA:7,0
DA:9,0
DA:10,0
DA:14,0
DA:16,0
DA:17,0
DA:20,0
DA:21,0
DA:22,0
DA:23,0
DA:27,0
DA:28,0
DA:30,0
DA:31,0
DA:33,0
DA:34,0
DA:38,0
DA:39,0
DA:40,0
DA:41,0
DA:42,0
DA:44,0
DA:45,0
DA:46,0
DA:47,0
DA:48,0
DA:51,0
DA:53,0
DA:60,0
DA:61,0
DA:62,0
DA:64,0
DA:65,0
DA:67,0
LF:35
LH:1
end_of_record
SF:lib\pages\pendencies\pendencies.dart
DA:7,0
DA:9,0
DA:10,0
DA:14,0
DA:16,0
DA:18,0
DA:19,0
DA:22,0
DA:24,0
DA:25,0
DA:26,0
DA:27,0
DA:28,0
LF:13
LH:0
end_of_record
SF:lib\pages\home_tecnico\home_tecnico.dart
DA:7,0
DA:8,0
DA:10,0
DA:12,0
DA:13,0
DA:14,0
DA:15,0
LF:7
LH:0
end_of_record
SF:lib\pages\select_account\select_account.dart
DA:9,0
DA:11,0
DA:13,0
DA:15,0
DA:16,0
DA:17,0
DA:18,0
DA:19,0
DA:20,0
DA:29,0
DA:30,0
DA:31,0
DA:32,0
DA:33,0
DA:34,0
DA:35,0
DA:36,0
DA:38,0
DA:40,0
DA:45,0
DA:48,0
DA:50,0
DA:51,0
DA:54,0
DA:55,0
DA:56,0
DA:57,0
DA:58,0
DA:61,0
DA:64,0
DA:66,0
DA:67,0
DA:71,0
DA:72,0
DA:73,0
DA:74,0
DA:77,0
DA:78,0
DA:79,0
DA:80,0
DA:81,0
DA:83,0
DA:85,0
DA:86,0
DA:87,0
DA:88,0
DA:89,0
DA:92,0
DA:93,0
DA:95,0
LF:50
LH:0
end_of_record
SF:lib\pages\pendencies\components\pesticide_analysis.dart
DA:9,0
DA:10,0
DA:12,0
DA:14,0
DA:22,0
DA:24,0
DA:25,0
DA:27,0
DA:28,0
DA:31,0
DA:32,0
DA:35,0
DA:36,0
DA:37,0
DA:38,0
DA:39,0
DA:41,0
DA:42,0
DA:45,0
DA:46,0
DA:52,0
DA:54,0
DA:56,0
DA:58,0
DA:60,0
DA:61,0
DA:62,0
DA:64,0
DA:65,0
DA:66,0
DA:68,0
DA:69,0
DA:70,0
DA:74,0
DA:75,0
DA:76,0
DA:77,0
DA:78,0
DA:80,0
DA:81,0
DA:82,0
DA:83,0
DA:86,0
DA:87,0
DA:88,0
DA:95,0
DA:96,0
DA:97,0
DA:98,0
DA:101,0
DA:102,0
DA:103,0
DA:104,0
DA:105,0
DA:106,0
DA:108,0
DA:109,0
DA:112,0
DA:122,0
DA:123,0
DA:124,0
LF:61
LH:0
end_of_record
SF:lib\pages\pendencies\components\pesticide_card.dart
DA:9,0
DA:12,0
DA:14,0
DA:16,0
DA:17,0
DA:19,0
DA:20,0
DA:21,0
DA:22,0
DA:26,0
DA:28,0
DA:29,0
DA:31,0
DA:32,0
DA:36,0
DA:37,0
DA:38,0
DA:40,0
DA:41,0
DA:42,0
DA:43,0
DA:44,0
DA:51,0
DA:52,0
DA:53,0
DA:55,0
DA:56,0
DA:59,0
DA:60,0
DA:66,0
DA:68,0
DA:70,0
DA:71,0
DA:72,0
DA:74,0
DA:75,0
DA:76,0
DA:78,0
DA:79,0
DA:80,0
LF:40
LH:0
end_of_record
SF:lib\pages\profile\components\profile_text.dart
DA:8,0
DA:10,0
DA:12,0
DA:14,0
DA:15,0
DA:16,0
DA:17,0
DA:18,0
LF:8
LH:0
end_of_record
SF:lib\services\dio.dart
DA:4,0
DA:13,0
DA:14,0
DA:15,0
DA:18,0
DA:21,0
DA:23,0
DA:24,0
DA:30,0
DA:31,0
DA:37,0
DA:38,0
DA:41,0
DA:43,0
DA:45,0
DA:46,0
DA:54,0
DA:56,0
DA:57,0
DA:63,0
LF:20
LH:0
end_of_record
